<?xml version="1.0" encoding="UTF-8"?>
<!-- Generated by org.testng.reporters.JUnitReportReporter -->
<testsuite hostname="EPINHYDW12FA" failures="0" tests="1" name="com.epam.tests.LoginTest" time="3.525" errors="0" timestamp="2025-03-28T17:15:00 IST" skipped="0">
  <testcase classname="com.epam.tests.LoginTest" name="homePageRedirectionTest" time="3.525"/>
</testsuite> <!-- com.epam.tests.LoginTest -->
