<?xml version="1.0" encoding="UTF-8"?>
<!-- Generated by org.testng.reporters.JUnitReportReporter -->
<testsuite hostname="EPINHYDW12FA" failures="0" tests="9" name="com.epam.runners.UiRunner" time="29.025" errors="0" timestamp="2025-04-07T13:19:40 IST" skipped="0">
  <testcase classname="com.epam.runners.UiRunner" name="runScenario" time="3.881"/>
  <testcase classname="com.epam.runners.UiRunner" name="runScenario" time="3.209"/>
  <testcase classname="com.epam.runners.UiRunner" name="runScenario" time="2.666"/>
  <testcase classname="com.epam.runners.UiRunner" name="runScenario" time="2.221"/>
  <testcase classname="com.epam.runners.UiRunner" name="runScenario" time="3.549"/>
  <testcase classname="com.epam.runners.UiRunner" name="runScenario" time="3.775"/>
  <testcase classname="com.epam.runners.UiRunner" name="runScenario" time="4.765"/>
  <testcase classname="com.epam.runners.UiRunner" name="runScenario" time="2.463"/>
  <testcase classname="com.epam.runners.UiRunner" name="runScenario" time="2.496"/>
</testsuite> <!-- com.epam.runners.UiRunner -->
